Arguments: 
  /Users/devinotway/.nvm/versions/node/v6.3.1/bin/node /Users/devinotway/.yarn/bin/yarn.js add storybook

PATH: 
  /Users/devinotway/.yarn/bin:/Users/devinotway/.nvm/versions/node/v6.3.1/bin:/usr/local/bin:/usr/bin:/bin:/usr/sbin:/sbin

Yarn version: 
  0.23.3

Node version: 
  6.3.1

Platform: 
  darwin x64

npm manifest: 
  {
    "name": "web-storybook",
    "version": "1.0.0",
    "description": "A way for anyone to interact with our standard components",
    "main": "index.js",
    "scripts": {
      "test": "echo \"Error: no test specified\" && exit 1"
    },
    "repository": {
      "type": "git",
      "url": "git+https://github.com/postmates/web-storybook.git"
    },
    "author": "",
    "license": "ISC",
    "bugs": {
      "url": "https://github.com/postmates/web-storybook/issues"
    },
    "homepage": "https://github.com/postmates/web-storybook#readme"
  }

yarn manifest: 
  No manifest

Lockfile: 
  No lockfile

Trace: 
  Error: http://kimba.us-west-1.postmates.com/storybook: ETIMEDOUT
      at Timeout._onTimeout (/Users/devinotway/.yarn/node_modules/request/request.js:852:19)
      at tryOnTimeout (timers.js:228:11)
      at Timer.listOnTimeout (timers.js:202:5)
